Step: build-step-credential-initializer-jkx6r:

{"level":"warn","ts":1565224104.3271294,"logger":"fallback-logger","caller":"logging/config.go:65","msg":"Fetch GitHub commit ID from kodata failed: \"ref: refs/heads/master\" is not a valid GitHub commit ID"}
{"level":"info","ts":1565224104.3289077,"logger":"fallback-logger","caller":"creds-init/main.go:40","msg":"Credentials initialized."}
Step: build-step-working-dir-initializer-28zcz:

{"level":"warn","ts":1565224104.914431,"logger":"fallback-logger","caller":"logging/config.go:65","msg":"Fetch GitHub commit ID from kodata failed: open /var/run/ko/HEAD: no such file or directory"}
{"level":"info","ts":1565224104.916444,"logger":"fallback-logger","caller":"bash/main.go:65","msg":"Successfully executed command \"mkdir -p /workspace/source\""}
Step: build-step-place-tools:

Step: build-step-git-source-jenkins-x-homebrew-**-pr-1602-t-txgv2:

{"level":"warn","ts":1565224107.0124,"logger":"fallback-logger","caller":"logging/config.go:65","msg":"Fetch GitHub commit ID from kodata failed: \"ref: refs/heads/master\" is not a valid GitHub commit ID"}
{"level":"info","ts":1565224108.5595224,"logger":"fallback-logger","caller":"git/git.go:102","msg":"Successfully cloned https://github.com/jenkins-x/homebrew-** @ 7cdaa29b158845b5fa2e9e62b0acc4abba986d39 in path /workspace/source"}
Step: build-step-git-merge:

Warning failed to load version: failed to parse version -dev+9e73adc0b: No Major.Minor.Patch elements found
time="2019-08-08T00:28:29Z" level=info msg="got "
Using SHAs from PULL_REFS=master:494c98ebd14c6a16fad51e8bd9a8967098de8870,1602:7cdaa29b158845b5fa2e9e62b0acc4abba986d39
ran git fetch --unshallow origin 7cdaa29b158845b5fa2e9e62b0acc4abba986d39: 494c98ebd14c6a16fad51e8bd9a8967098de8870: in 
ran git checkout master in 
ran git reset --hard 494c98ebd14c6a16fad51e8bd9a8967098de8870 in 
ran clean --force -d . in 
ran git merge 7cdaa29b158845b5fa2e9e62b0acc4abba986d39 in 
Step: build-step-prebuild-check-shasum:

2.0.569
3b6c372a760f214dbe8fd72e107d41cd0de6ac1639e32e8d82f2a02078bd7a80
  % Total    % Received % Xferd  Average Speed   Time    Time     Time  Current
                                 Dload  Upload   Total   Spent    Left  Speed
  0     0    0     0    0     0      0      0 --:--:-- --:--:-- --:--:--     0  0     0    0     0    0     0      0      0 --:--:-- --:--:-- --:--:--     0100   613    0   613    0     0   1775      0 --:--:-- --:--:-- --:--:--  1771
  0 65.4M    0  287k    0     0   254k      0  0:04:23  0:00:01  0:04:22  254k 44 65.4M   44 28.9M    0     0  13.5M      0  0:00:04  0:00:02  0:00:02 28.6M100 65.4M  100 65.4M    0     0  20.9M      0  0:00:03  0:00:03 --:--:-- 32.6M
**-darwin-amd64.tar.gz: OK
Step: build-step-build-dummy-build:

PR
