Step: build-step-credential-initializer:

{"level":"warn","ts":1547632823.9105742,"logger":"fallback-logger","caller":"logging/config.go:65","msg":"Fetch GitHub commit ID from kodata failed: \"ref: refs/heads/test\" is not a valid GitHub commit ID"}
{"level":"info","ts":1547632823.9109914,"logger":"fallback-logger","caller":"creds-init/main.go:40","msg":"Credentials initialized."}
Step: build-step-git-source-0:

{"level":"warn","ts":1547632825.0627055,"logger":"fallback-logger","caller":"logging/config.go:65","msg":"Fetch GitHub commit ID from kodata failed: \"ref: refs/heads/test\" is not a valid GitHub commit ID"}
{"level":"info","ts":1547632826.3803139,"logger":"fallback-logger","caller":"git-init/main.go:92","msg":"Successfully cloned \"https://github.com/jenkins-x-charts/knative.git\" @ \"8f4f06232d5b876781e7a066a71af358435e6a0e\" in path \"/workspace\""}
Step: build-step-credentials:

Tag v0.1.7 created and pushed to remote origin
Step: build-step-release:

rm -rf charts
rm -rf knative-build*.tgz
rm -rf requirements.lock
helm init --client-only
Creating /builder/home/.helm 
Creating /builder/home/.helm/repository 
Creating /builder/home/.helm/repository/cache 
Creating /builder/home/.helm/repository/local 
Creating /builder/home/.helm/plugins 
Creating /builder/home/.helm/starters 
Creating /builder/home/.helm/cache/archive 
Creating /builder/home/.helm/repository/repositories.yaml 
Adding stable repo with URL: https://kubernetes-charts.storage.googleapis.com 
Adding local repo with URL: http://127.0.0.1:8879/charts 
$HELM_HOME has been configured at /builder/home/.helm.
Not installing Tiller due to 'client-only' flag having been set
Happy Helming!
helm repo add jenkins-x-api https://chartmuseum.build.cd.jenkins-x.io 	
"jenkins-x-api" has been added to your repositories
helm repo add jenkinsxio https://chartmuseum.jx.cd.jenkins-x.io 
"jenkinsxio" has been added to your repositories
helm dependency build
No requirements found in ./charts.
helm lint
==> Linting .
Lint OK

1 chart(s) linted, no failures
sed -i -e "s/version:.*/version: 0.1.7/" Chart.yaml
helm package .
Successfully packaged chart and saved it to: /workspace/knative-build/knative-build-0.1.7.tgz
curl --fail -u admin:jxadmin18 --data-binary "@knative-build-0.1.7.tgz" http://jenkins-x-chartmuseum:8080/api/charts
  % Total    % Received % Xferd  Average Speed   Time    Time     Time  Current
                                 Dload  Upload   Total   Spent    Left  Speed
  0     0    0     0    0     0      0      0 --:--:-- --:--:-- --:--:--     0100  4345  100    14  100  4331     40  12553 --:--:-- --:--:-- --:--:-- 12590
{"saved":true}rm -rf knative-build*.tgz
