Step: build-step-credential-initializer:

{"level":"warn","ts":1547456095.2552187,"logger":"fallback-logger","caller":"logging/config.go:65","msg":"Fetch GitHub commit ID from kodata failed: \"ref: refs/heads/test\" is not a valid GitHub commit ID"}
{"level":"info","ts":1547456095.2570117,"logger":"fallback-logger","caller":"creds-init/main.go:40","msg":"Credentials initialized."}
Step: build-step-git-source-0:

{"level":"warn","ts":1547456096.7735922,"logger":"fallback-logger","caller":"logging/config.go:65","msg":"Fetch GitHub commit ID from kodata failed: \"ref: refs/heads/test\" is not a valid GitHub commit ID"}
{"level":"info","ts":1547456098.1715183,"logger":"fallback-logger","caller":"git-init/main.go:92","msg":"Successfully cloned \"https://github.com/jenkins-x/jenkins-x-builders.git\" @ \"92aa4b22728165873627a488d5806c0f771c96fd\" in path \"/workspace\""}
Step: build-step-jenkins:

 13900K .......... .......... .......... .......... .......... 68%  105M 0s
 13950K .......... .......... .......... .......... .......... 68% 96.5M 0s
 14000K .......... ..........[0m[91m [0m[91m.......... ......[0m[91m.... ....[0m[91m...... 68% 94.9M 0s
 14050K .......... .......... .......... .......[0m[91m... .......... 68% 87.6M 0s
 14100K .......... .......... .......[0m[91m... .......... .......... 69%  139M 0s
 14150K .......... .......... .......... .......... .......... 69%  117M 0s
 14200K .......... .......... .......... .......... .......... 69% 78.4M 0s
 14250K .......... ........[0m[91m.. .......... ....[0m[91m...... ..........[0m[91m 69% 60.2M 0s[0m[91m
 14300K .......... ......[0m[91m.... ....[0m[91m...... ..[0m[91m.[0m[91m....... .[0m[91m........[0m[91m. 70% 43.9M 0s
 14350K .......[0m[91m... .....[0m[91m..... .......... .[0m[91m........[0m[91m. ......[0m[91m....[0m[91m 70%  116M 0s
 14400K ....[0m[91m...... ..........[0m[91m ........[0m[91m.. ......[0m[91m.... ....[0m[91m...... 70%  150M 0s
 14450K ..[0m[91m........[0m[91m .[0m[91m........[0m[91m. .......[0m[91m... .....[0m[91m..... .......... 70% 63.9M 0s
 14500K .......... .......... ....[0m[91m...... ..[0m[91m.[0m[91m.......[0m[91m .......... 71%  106M 0s
 14550K .......... .......... .......... .......... .......... 71% 59.3M 0s
 14600K .......... .......... .......... .......... .......... 71% 86.1M 0s
 14650K .......... .......... .......... .......... ..[0m[91m.....[0m[91m..[0m[91m. 71% 90.8M 0s
 14700K .......... .......... .......... ..[0m[91m........[0m[91m ....[0m[91m....[0m[91m.. 72%  132M 0s
 14750K .......... ....[0m[91m...... .[0m[91m.[0m[91m........[0m[91m ........[0m[91m.. ......[0m[91m.... 72%  140M 0s
 14800K ...[0m[91m.[0m[91m...... ..[0m[91m........ [0m[91m........[0m[91m.. ......[0m[91m.... ....[0m[91m...[0m[91m... 72% 76.6M 0s
 14850K .....[0m[91m..... .......... .[0m[91m........[0m[91m. .......[0m[91m... .......... 72%[0m[91m  163M 0s
 14900K ...[0m[91m....... .......... .......... .......... .......... 73%  146M 0s
 14950K .......... .......... ..[0m[91m........[0m[91m ........[0m[91m.. ......[0m[91m.... 73% 47.0M 0s
 15000K ....[0m[91m...... ..........[0m[91m ........[0m[91m.. ......[0m[91m.... .......... 73% 85.4M 0s
 15050K .[0m[91m.[0m[91m........[0m[91m ........[0m[91m.. .......... ....[0m[91m...... ..[0m[91m........ 73% 92.5M 0s[0m[91m
 15100K ....[0m[91m...... .......... .......... .......... .......... 74%  187M 0s
 15150K .......... ....[0m[91m......[0m[91m ........[0m[91m.. ......[0m[91m.... ....[0m[91m...... 74% 85.9M 0s
 15200K ..[0m[91m........[0m[91m ........[0m[91m.. ......[0m[91m..[0m[91m.. .......... ....[0m[91m...... 74% 56.3M 0s
 15250K ..........[0m[91m .......... ......[0m[91m.... .......... .......... 74%  111M 0s
 15300K .......... .......... .......... .......... .......... 75%  286M 0s
 15350K ......[0m[91m.[0m[91m... .........[0m[91m. ...[0m[91m....... .........[0m[91m. .......[0m[91m... 75% 71.4M 0s
 15400K .....[0m[91m..... ..........[0m[91m ....[0m[91m...... ..[0m[91m........[0m[91m ........[0m[91m.. 75% 94.4M 0s
 15450K[0m[91m ......[0m[91m.... ....[0m[91m...... ..[0m[91m........[0m[91m ....[0m[91m...... ..[0m[91m........ 75% 77.6M 0s[0m[91m
 15500K ........[0m[91m.. ......[0m[91m.... ..........[0m[91m ..[0m[91m........ ........[0m[91m.. 76% 49.0M 0s
 15550K ......[0m[91m.... ....[0m[91m...... ..[0m[91m........[0m[91m .......... ......[0m[91m.... 76%  159M 0s
 15600K ....[0m[91m...... .....[0m[91m..... ...[0m[91m....... .......... .......[0m[91m... 76% 91.5M 0s
 15650K .......... .......... .[0m[91m.....[0m[91m.... ..........[0m[91m ........[0m[91m.. 76%  110M 0s
 15700K .......... .......... .......... ..........[0m[91m .[0m[91m......... 77% 95.8M 0s
 15750K .......... .......... .......... .......... .......... 77%  175M 0s
 15800K ....[0m[91m....[0m[91m.. .......... .......... .......... .......... 77% 99.6M 0s
 15850K .......... ........[0m[91m.. .......... .......... .......... 77% 28.4M 0s
 15900K .......... .......... .......... .......... .......... 77%  235M 0s
 15950K .......... .......... .......... .......... ......[0m[91m.... 78%  140M 0s
 16000K ....[0m[91m...... .......... ........[0m[91m.. ......[0m[91m.... ....[0m[91m...... 78%  155M 0s
 16050K ..........[0m[91m .......... ......[0m[91m.... ....[0m[91m...... [0m[91m..[0m[91m........ 78%  123M 0s[0m[91m
 16100K .......[0m[91m.[0m[91m.. .......... ....[0m[91m...... ..[0m[91m........[0m[91m ........[0m[91m.. 78%  106M 0s
 16150K ...[0m[91m...[0m[91m.... ....[0m[91m...... .......... ........[0m[91m.. .......[0m[91m... 79% 64.8M 0s
 16200K ...[0m[91m.[0m[91m...... ..[0m[91m........[0m[91m ........[0m[91m.. .......... ....[0m[91m...... 79%  160M 0s
 16250K ..[0m[91m........ .....[0m[91m.[0m[91m.... ....[0m[91m...... ..........[0m[91m .......... 79%[0m[91m  145M 0s
 16300K ......[0m[91m.... ......[0m[91m.... .......... .......... .......... 79% 67.7M 0s
 16350K .......... .......... ..........[0m[91m .......... ......[0m[91m.... 80% 63.8M 0s
 16400K ....[0m[91m...... ..[0m[91m........[0m[91m ........[0m[91m.. ......[0m[91m.... ....[0m[91m...... 80% 25.1M 0s
 16450K ..........[0m[91m ........[0m[91m.. ......[0m[91m.... ....[0m[91m...... ..[0m[91m........ 80%  154M 0s[0m[91m
 16500K ........[0m[91m.. .......... .......... .......... .......... 80%  158M 0s
 16550K .......... .......... .......... .......... .......... 81%  183M 0s
 16600K .......... .......... .......... .......... .......... 81%  168M 0s
 16650K .......... .......... ........[0m[91m.. .......... ....[0m[91m...... 81%  119M 0s[0m[91m
 16700K .......... ......[0m[91m.... ....[0m[91m...... ..[0m[91m........[0m[91m .......[0m[91m.[0m[91m.. 81% 68.1M 0s
 16750K .......... ....[0m[91m...... ..........[0m[91m ........[0m[91m.. ......[0m[91m.... 82% 32.5M 0s
 16800K .......... .......... .......... .......... .......... 82%  142M 0s
 16850K .......... .......... .......... .......... ..[0m[91m...[0m[91m..... 82%  113M 0s
 16900K .......... .[0m[91m........[0m[91m. .......[0m[91m... .......... .......... 82%  108M 0s
 16950K ......[0m[91m.... .......... ..[0m[91m........[0m[91m .......... ..[0m[91m....[0m[91m.... 83% 83.4M 0s
 17000K ...[0m[91m.[0m[91m...... ..........[0m[91m .......... ......[0m[91m.... .......... 83% 62.3M 0s[0m[91m
 17050K ..[0m[91m........ .......... .......... ....[0m[91m.[0m[91m..... .......... 83% 45.3M[0m[91m 0s[0m[91m
 17100K .......... .......... .......... .......... .......... 83%  123M 0s
 17150K .......... ....[0m[91m...... ..........[0m[91m ........[0m[91m.. ......[0m[91m.... 84% 30.9M 0s
 17200K ....[0m[91m...... ..[0m[91m........ ........[0m[91m.. ......[0m[91m.... ....[0m[91m...... 84%  163M 0s
 17250K ..[0m[91m........[0m[91m .......... ......[0m[91m.... ....[0m[91m...... .......... 84%  162M 0s
 17300K .......... .......... .......... .......... .......... 84%  111M 0s
 17350K .......... .......... .......... ......[0m[91m.... .......... 85%  177M[0m[91m 0s
 17400K ..[0m[91m........ ..[0m[91m........[0m[91m ........[0m[91m.. ......[0m[91m.... ...[0m[91m.......[0m[91m 85%  135M 0s
 17450K ..[0m[91m........ ........[0m[91m.. ....[0m[91m...... ..[0m[91m.[0m[91m.......[0m[91m ........[0m[91m.. 85% 89.5M 0s
 17500K ..[0m[91m....[0m[91m.... ....[0m[91m.[0m[91m..... ..[0m[91m........[0m[91m ..[0m[91m.[0m[91m....... .[0m[91m........[0m[91m. 85% 84.5M 0s
 17550K .......[0m[91m... .....[0m[91m..... .......... .[0m[91m......... ......[0m[91m.... 86% 78.0M 0s
 17600K .......... ..[0m[91m........[0m[91m ........[0m[91m.. ....[0m[91m..[0m[91m.... ....[0m[91m...... 86%  160M 0s
 17650K ..[0m[91m........[0m[91m .......... .......... .......... .......... 86% 52.8M 0s
 17700K .......... .......... ....[0m[91m...... .......... .......... 86% 70.1M 0s
 17750K .......... .......... .......... ........[0m[91m.. .......... 87%  102M 0s
 17800K .......... .......... .......... .......... .......... 87%  174M 0s
 17850K ..[0m[91m........ .......... .......... .......... .......... 87% 66.0M 0s
 17900K .......... .......... ....[0m[91m...... ..........[0m[91m ......[0m[91m..[0m[91m.. 87% 63.4M 0s
 17950K .......... ....[0m[91m...... ..[0m[91m........[0m[91m .......... ......[0m[91m.[0m[91m... 88% 36.3M 0s
 18000K .......... ..[0m[91m........ .......... .......... .......... 88% 90.4M 0s
 18050K .......... .......... .......... .......... .......... 88%  177M 0s
 18100K .......... .[0m[91m.........[0m[91m .......[0m[91m... .....[0m[91m..... ...[0m[91m....... 88% 67.6M 0s
 18150K .[0m[91m........[0m[91m. .......[0m[91m... ..[0m[91m......[0m[91m.. ......[0m[91m.... .......... 88%  156M 0s
 18200K ..[0m[91m........[0m[91m .......... .......... .....[0m[91m..... .......... 89% 76.2M 0s
 18250K .......... .......... .......... .......... .......... 89%  175M 0s[0m[91m
 18300K .......... ......[0m[91m.... ....[0m[91m...... .......... .......... 89%  111M 0s
 18350K .......... ....[0m[91m...... ..........[0m[91m ........[0m[91m.. ......[0m[91m.... 89%  118M 0s
 18400K ....[0m[91m...... ..[0m[91m........ ........[0m[91m.. .......... ....[0m[91m...... 90% 91.3M 0s
 18450K ..[0m[91m........[0m[91m .......... ....[0m[91m..[0m[91m.... ....[0m[91m...... ..[0m[91m........ 90% 75.5M 0s[0m[91m
 18500K ........[0m[91m.. .....[0m[91m.[0m[91m.... .......... .......... ........[0m[91m.. 90% 56.8M 0s
 18550K .....[0m[91m..[0m[91m... .......... ...[0m[91m....... .[0m[91m........[0m[91m. .......... 90% 88.0M 0s
 18600K .....[0m[91m..... ..........[0m[91m ........[0m[91m.. ...[0m[91m....... .........[0m[91m. 91% 15.9M 0s
 18650K .......[0m[91m... .......... .........[0m[91m. .[0m[91m......... .......[0m[91m... 91%  138M[0m[91m 0s
 18700K [0m[91m...[0m[91m..[0m[91m..... ...[0m[91m....... ..[0m[91m.......[0m[91m. .......... .....[0m[91m..... 91%  105M 0s
 18750K ...[0m[91m....... .[0m[91m........[0m[91m. .......[0m[91m... .....[0m[91m..... .[0m[91m..[0m[91m....... 91%  159M 0s
 18800K .[0m[91m........[0m[91m. .......[0m[91m... .....[0m[91m..... ..[0m[91m.[0m[91m....... .[0m[91m........[0m[91m. 92%  137M 0s
 18850K[0m[91m .......[0m[91m... .......... .......... .......... .......... 92%  175M 0s
 18900K .....[0m[91m..... ...[0m[91m....... .[0m[91m....[0m[91m..... ..[0m[91m.....[0m[91m... .......[0m[91m... 92%  169M 0s
 18950K ....[0m[91m...[0m[91m... ....[0m[91m...... ..[0m[91m........ ....[0m[91m....[0m[91m.. .......... 92%  146M 0s
 19000K .......... .......... .....[0m[91m..... ......[0m[91m.... ....[0m[91m...... 93%  209M 0s
 19050K ..[0m[91m........[0m[91m ........[0m[91m.. .......... [0m[91m....[0m[91m...... .......... 93% 84.4M 0s
 19100K .......... ......[0m[91m.... ....[0m[91m...... ...[0m[91m....... .[0m[91m........[0m[91m. 93%  118M 0s
 19150K .......[0m[91m... .....[0m[91m..... .......... .[0m[91m........[0m[91m. ......[0m[91m.... 93% 41.7M 0s
 19200K ....[0m[91m...... ..[0m[91m........[0m[91m .......... ..........[0m[91m ....[0m[91m...... 94%[0m[91m 89.1M 0s
 19250K ..[0m[91m........[0m[91m .......... ......[0m[91m.... ....[0m[91m.[0m[91m..... ..[0m[91m........ 94% 93.3M 0s[0m[91m
 19300K ........[0m[91m.. .......... ..[0m[91m..[0m[91m...... ..........[0m[91m ..........[0m[91m 94% 74.0M 0s
 19350K ......[0m[91m.... ....[0m[91m...... ..[0m[91m........ ........[0m[91m.. .......... 94% 63.9M 0s
 19400K ....[0m[91m...... ..[0m[91m........[0m[91m .......... .......... .......... 95%  178M 0s
 19450K ..[0m[91m........ ........[0m[91m.. ...[0m[91m....... ....[0m[91m...... .......... 95%[0m[91m 64.8M 0s[0m[91m
 19500K ........[0m[91m.. ......[0m[91m.... .......... ..[0m[91m........[0m[91m ........[0m[91m.. 95% 90.7M 0s
 19550K ......[0m[91m.... ....[0m[91m...... ..[0m[91m........[0m[91m .......... ......[0m[91m.... 95% 29.8M 0s
 19600K ....[0m[91m...... ..[0m[91m........ ........[0m[91m.. .......... ....[0m[91m...... 96% 36.2M 0s
 19650K ..........[0m[91m .......... ......[0m[91m.... ....[0m[91m...... ..[0m[91m........ 96%  133M 0s
 19700K ........[0m[91m.. ......[0m[91m.... ....[0m[91m...... ..[0m[91m........[0m[91m .......... 96% 97.1M 0s
 19750K ......[0m[91m.... ....[0m[91m.[0m[91m..... ..[0m[91m.[0m[91m....... .[0m[91m........[0m[91m. .......[0m[91m... 96%  174M 0s
 19800K .....[0m[91m..... ...[0m[91m....... .[0m[91m........[0m[91m. ......[0m[91m.... .......... 97% 2.55M 0s
 19850K ..[0m[91m........[0m[91m ........[0m[91m.. .......... ....[0m[91m...... .......... 97%  131M 0s[0m[91m
 19900K .......... ......[0m[91m.... .......... ..[0m[91m........ ........[0m[91m.. 97% 16.0M 0s
 19950K ......[0m[91m.... ....[0m[91m...... ..........[0m[91m .......... ......[0m[91m.... 97% 49.7M 0s
 20000K .......... .......... .......[0m[91m... .......... .......... 98% 19.9M 0s
 20050K .......... .......... .......... .......... .......... 98%  135M 0s
 20100K .......... .......... .......... .......... .......... 98%  198M 0s
 20150K .....[0m[91m..... .......... .......... .......... ..........[0m[91m 98%  131M 0s
 20200K ...[0m[91m....... .[0m[91m......... .......[0m[91m... .....[0m[91m..... ...[0m[91m....... 99%  133M 0s
 20250K .[0m[91m........[0m[91m. .......[0m[91m... .....[0m[91m..... ...[0m[91m....... .......... 99%  149M 0s
 20300K .......... .......... .......... .......... .......... 99%  191M 0s
 20350K .......... .......... .........[0m[91m. .......... .....[0m[91m..... 99%  156M 0s
 20400K .......... .[0m[91m......... .......[0m[91m... .....[0m[91m..... ...[0m[91m....... 99% 94.2M 0s
 20450K                 [0m[91m                       [0m[91m             [0m[91m  100%  346G=0.3s

[0m[91m2019-01-14 09:53:54 (76.8 MB/s) - ‘terraform_0.11.10_linux_amd64.zip’ saved [20940986/20940986]

[0mArchive:  terraform_0.11.10_linux_amd64.zip
  inflating: terraform               
 ---> 6efd2963318d
Removing intermediate container 4745c52ab149
Step 4/4 : ENV PATH $PATH:/usr/local/
 ---> Running in a487e592c1ef
 ---> a9d6669b517b
Removing intermediate container a487e592c1ef
Successfully built a9d6669b517b
Pushing builder-terraform:0.0.0-SNAPSHOT-PR-211-1 to docker.io
The push refers to a repository [docker.io/jenkinsxio/builder-terraform]
935370b9e082: Preparing
76902f987a2e: Preparing
946668288b4d: Preparing
8781ea4b8ea3: Preparing
3e21cfb792b3: Preparing
f056bdfabdd5: Preparing
4658bc6e7199: Preparing
c52175f26278: Preparing
f1be197fc4c0: Preparing
0b5819282146: Preparing
bd45ac3e1d87: Preparing
41f4b2e0065e: Preparing
c647226a79cc: Preparing
dbd54dd17e2c: Preparing
76902f987a2e: Waiting
6cae33ba1afd: Preparing
946668288b4d: Waiting
393124a8b43a: Preparing
8781ea4b8ea3: Waiting
15f96d404cee: Preparing
935370b9e082: Waiting
33032d202f9a: Preparing
3e21cfb792b3: Waiting
84956c628ec5: Preparing
44156a331713: Preparing
b4f10cae9b9a: Preparing
6897e383f901: Preparing
009046da9710: Preparing
20d2e993e6da: Preparing
071d8bd76517: Preparing
0b5819282146: Waiting
bd45ac3e1d87: Waiting
44156a331713: Waiting
393124a8b43a: Waiting
41f4b2e0065e: Waiting
b4f10cae9b9a: Waiting
c647226a79cc: Waiting
15f96d404cee: Waiting
6897e383f901: Waiting
dbd54dd17e2c: Waiting
33032d202f9a: Waiting
009046da9710: Waiting
6cae33ba1afd: Waiting
20d2e993e6da: Waiting
84956c628ec5: Waiting
f056bdfabdd5: Waiting
071d8bd76517: Waiting
c52175f26278: Waiting
946668288b4d: Mounted from jenkinsxio/builder-scala
76902f987a2e: Mounted from jenkinsxio/builder-scala
8781ea4b8ea3: Mounted from jenkinsxio/builder-scala
3e21cfb792b3: Mounted from jenkinsxio/builder-scala
f056bdfabdd5: Mounted from jenkinsxio/builder-scala
4658bc6e7199: Mounted from jenkinsxio/builder-scala
c52175f26278: Mounted from jenkinsxio/builder-scala
f1be197fc4c0: Mounted from jenkinsxio/builder-scala
bd45ac3e1d87: Mounted from jenkinsxio/builder-scala
0b5819282146: Mounted from jenkinsxio/builder-scala
c647226a79cc: Mounted from jenkinsxio/builder-scala
41f4b2e0065e: Mounted from jenkinsxio/builder-scala
dbd54dd17e2c: Mounted from jenkinsxio/builder-scala
6cae33ba1afd: Mounted from jenkinsxio/builder-scala
393124a8b43a: Mounted from jenkinsxio/builder-scala
15f96d404cee: Mounted from jenkinsxio/builder-scala
84956c628ec5: Mounted from jenkinsxio/builder-scala
44156a331713: Mounted from jenkinsxio/builder-scala
33032d202f9a: Mounted from jenkinsxio/builder-scala
b4f10cae9b9a: Mounted from jenkinsxio/builder-scala
935370b9e082: Pushed
6897e383f901: Mounted from jenkinsxio/builder-scala
009046da9710: Mounted from jenkinsxio/builder-scala
20d2e993e6da: Mounted from jenkinsxio/builder-scala
071d8bd76517: Mounted from jenkinsxio/builder-scala
0.0.0-SNAPSHOT-PR-211-1: digest: sha256:bdbbd8b3fec17db085a9f659d0fe30a6fdf6bb13fec57f25dfaa77f28029796a size: 5601
Not pushing the latest docker image as PUSH_LATEST=false
/tmp/jenkinsTests.tmp/jenkins150540675150178620test/workspace/job
[Pipeline] }
[Pipeline] // withEnv
[Pipeline] }
[Pipeline] // stage
[Pipeline] stage
[Pipeline] { (Build Release)
Stage "Build Release" skipped due to when conditional
[Pipeline] }
[Pipeline] // stage
[Pipeline] }
[Pipeline] // withEnv
[Pipeline] }
[Pipeline] // node
[Pipeline] End of Pipeline
Finished: SUCCESS
