Step: build-step-credential-initializer:

{"level":"warn","ts":1547379228.5835533,"logger":"fallback-logger","caller":"logging/config.go:65","msg":"Fetch GitHub commit ID from kodata failed: \"ref: refs/heads/test\" is not a valid GitHub commit ID"}
{"level":"info","ts":1547379228.5846503,"logger":"fallback-logger","caller":"creds-init/main.go:40","msg":"Credentials initialized."}
Step: build-step-git-source-0:

{"level":"warn","ts":1547379229.7963648,"logger":"fallback-logger","caller":"logging/config.go:65","msg":"Fetch GitHub commit ID from kodata failed: \"ref: refs/heads/test\" is not a valid GitHub commit ID"}
{"level":"info","ts":1547379231.111537,"logger":"fallback-logger","caller":"git-init/main.go:92","msg":"Successfully cloned \"https://github.com/jenkins-x/jenkins-x-builders.git\" @ \"6fb2192775472145aee1eaf5a59f8f8982898f6d\" in path \"/workspace\""}
Step: build-step-jenkins:

  7350K ......[0m[91m.... .......... .[0m[91m.[0m[91m........[0m[91m ........[0m[91m.. .......... 36%  176M[0m[91m 0s
  7400K ....[0m[91m..[0m[91m.... .......[0m[91m...[0m[91m ......[0m[91m.[0m[91m... .......... ..[0m[91m........ 36%  176M 0s
  7450K ........[0m[91m.. ..........[0m[91m ..[0m[91m..[0m[91m...... ..[0m[91m..[0m[91m...... .......... 36%  164M 0s
  7500K .......... .......... .......... .......... .......... 36%  150M 0s
  7550K .......... .......... .......... .......... .......... 37%  222M 0s
  7600K .......... .......... .......... .......... .......... 37%  124M 0s
  7650K .......... .......... .......... .......... .......... 37%  224M 0s
  7700K .......... .......... .......... .......... .......... 37%  214M 0s
  7750K .......... .......... .......... .......... .......... 38%  221M 0s
  7800K ....[0m[91m......[0m[91m .......... .......[0m[91m... ......[0m[91m.... ....[0m[91m...... 38% 43.1M 0s
  7850K ..[0m[91m........ ........[0m[91m.. ..[0m[91m..[0m[91m..[0m[91m.... ....[0m[91m...... .......... 38%  127M 0s[0m[91m
  7900K[0m[91m ....[0m[91m...... ......[0m[91m.... ..........[0m[91m ..........[0m[91m ........[0m[91m.. 38%  120M 0s
  7950K ......[0m[91m.... ....[0m[91m...... ..[0m[91m........ ........[0m[91m.. ......[0m[91m.... 39%  162M 0s
  8000K ....[0m[91m...... ..[0m[91m........[0m[91m ........[0m[91m.. ....[0m[91m..[0m[91m.... ....[0m[91m...... 39%  170M 0s
  8050K[0m[91m ..[0m[91m........[0m[91m ........[0m[91m.. ......[0m[91m.... ....[0m[91m...... ..[0m[91m........ 39%  148M 0s
  8100K ..[0m[91m........ .......... ..[0m[91m..[0m[91m...... ..[0m[91m........[0m[91m .......... 39% 81.8M 0s
  8150K ......[0m[91m.... ......[0m[91m.... .......... ......[0m[91m..[0m[91m.. .......[0m[91m... 40% 92.5M 0s
  8200K .......... ..[0m[91m......[0m[91m..[0m[91m ........[0m[91m.. ......[0m[91m.... ....[0m[91m...... 40%  141M 0s
  8250K .[0m[91m.[0m[91m........ ........[0m[91m.. .......... ....[0m[91m...... ..[0m[91m........ 40% 73.0M 0s[0m[91m
  8300K .......... ......[0m[91m.... .......... ..[0m[91m........ ........[0m[91m.. 40% 81.7M 0s
  8350K .......... .......... ..[0m[91m........[0m[91m .......... ...[0m[91m...[0m[91m.... 41% 51.3M 0s
  8400K .......... ..[0m[91m........[0m[91m .......[0m[91m.[0m[91m.. ......[0m[91m.... .......[0m[91m... 41% 84.5M 0s
  8450K .......... ...[0m[91m....... .......... .......[0m[91m... .....[0m[91m..... 41%  183M 0s
  8500K ........[0m[91m.. .......... ....[0m[91m...... ..........[0m[91m ........[0m[91m.. 41%[0m[91m  120M 0s[0m[91m
  8550K ......[0m[91m.... .......... ..[0m[91m........[0m[91m .......... .......... 42% 64.7M 0s
  8600K ....[0m[91m...... ..........[0m[91m .......... ......[0m[91m.... ..........[0m[91m 42% 56.9M 0s
  8650K .......... .......... ......[0m[91m.... ....[0m[91m...... .......[0m[91m... 42%  150M 0s[0m[91m
  8700K .......... .......... .......... ..[0m[91m........ .......... 42% 55.9M 0s
  8750K .........[0m[91m. ....[0m[91m...... ..[0m[91m........ .......... ....[0m[91m..[0m[91m.... 43% 88.3M 0s
  8800K .......... ..[0m[91m........ ........[0m[91m.. .......... ....[0m[91m...... 43% 58.5M 0s
  8850K ..........[0m[91m .......... .......... ....[0m[91m...... ..[0m[91m........ 43%  120M 0s
  8900K .......... .......... ....[0m[91m...... ..........[0m[91m .......... 43%  147M 0s
  8950K ....[0m[91m...... ....[0m[91m...... ..........[0m[91m .......[0m[91m.[0m[91m.. .......... 44%  198M 0s
  9000K ....[0m[91m...... ..[0m[91m........[0m[91m .......... .......... .......... 44%  145M 0s
  9050K ..[0m[91m........[0m[91m ........[0m[91m.. .......... .[0m[91m...[0m[91m.[0m[91m..... .......... 44% 72.1M 0s
  9100K .[0m[91m........[0m[91m. .......... .....[0m[91m..... ...[0m[91m....... .......[0m[91m.[0m[91m.. 44% 29.3M 0s
  9150K .......... ....[0m[91m...... .......... .......... .......... 44%  120M 0s
  9200K .......... ..[0m[91m........[0m[91m ........[0m[91m.. .......... .....[0m[91m..... 45%  186M 0s
  9250K ..[0m[91m........ ........[0m[91m.. ......[0m[91m....[0m[91m .......... ..[0m[91m........ 45%  122M 0s
  9300K ........[0m[91m.. .......... ....[0m[91m...... ..[0m[91m........[0m[91m .......... 45% 83.1M 0s
  9350K .......... ....[0m[91m...... ..........[0m[91m .......... ......[0m[91m.... 45%  164M 0s
  9400K ....[0m[91m.[0m[91m..... .......... .[0m[91m......... .......[0m[91m... .......... 46% 86.8M 0s
  9450K .......... ........[0m[91m.. .[0m[91m......... .......[0m[91m... .....[0m[91m..... 46% 80.2M 0s
  9500K ...[0m[91m....... .....[0m[91m.....[0m[91m .......... ..[0m[91m........ ........[0m[91m.. 46% 81.8M 0s
  9550K ......[0m[91m.... .......... ..[0m[91m........[0m[91m ........[0m[91m.. ......[0m[91m.... 46% 97.5M 0s
  9600K .......... ..[0m[91m........ .......... ......[0m[91m.... ....[0m[91m...... 47%  124M 0s
  9650K[0m[91m ......[0m[91m..[0m[91m..[0m[91m .[0m[91m.......[0m[91m.[0m[91m. .......[0m[91m... .....[0m[91m..... ...[0m[91m....... 47%  133M 0s
  9700K .[0m[91m.....[0m[91m.... [0m[91m.......[0m[91m... ....[0m[91m...... ....[0m[91m...... .......... 47% 60.6M[0m[91m 0s[0m[91m
  9750K .......... .......... .......... ..[0m[91m......[0m[91m.. ..[0m[91m........ 47% 46.0M 0s
  9800K ........[0m[91m.. .......... ....[0m[91m...... ......[0m[91m.... ........[0m[91m.. 48% 84.7M 0s
  9850K ..[0m[91m.[0m[91m....... ....[0m[91m...[0m[91m..[0m[91m. ........[0m[91m.. .....[0m[91m..... ...[0m[91m....... 48% 79.2M 0s
  9900K .......... .........[0m[91m. .......... ...[0m[91m....... .........[0m[91m. 48% 83.0M 0s
  9950K .......... .....[0m[91m..... ...[0m[91m.......[0m[91m .......... ......[0m[91m.... 48% 52.1M 0s
 10000K [0m[91m.......... ..[0m[91m........ ........[0m[91m.. .......... [0m[91m....[0m[91m...... 49%  121M 0s
 10050K ..[0m[91m........[0m[91m .....[0m[91m..... ..[0m[91m........ ....[0m[91m...... ..[0m[91m........ 49%[0m[91m  137M 0s
 10100K ...[0m[91m....... ......[0m[91m.... ....[0m[91m...... ...[0m[91m.....[0m[91m..[0m[91m .......... 49%  148M 0s
 10150K .......... .......... ..[0m[91m........ .......... ..........[0m[91m 49% 91.8M 0s
 10200K ....[0m[91m....[0m[91m.. ..[0m[91m........[0m[91m [0m[91m.......... ......[0m[91m.... ....[0m[91m...... 50% 83.3M 0s
 10250K ..........[0m[91m ........[0m[91m.. .......... ....[0m[91m...... .......... 50%  115M 0s[0m[91m
 10300K .......... ......[0m[91m.... .......... .......... .......... 50%  115M 0s
 10350K .......... ....[0m[91m...... .......... .......... .......... 50% 72.8M 0s
 10400K .......... .......... ........[0m[91m.. .......... ....[0m[91m...... 51% 21.5M 0s
 10450K ..........[0m[91m ........[0m[91m.. .......... .......... .......... 51%  145M 0s
 10500K ........[0m[91m.. ......[0m[91m.[0m[91m... .......... ..........[0m[91m .......... 51% 89.0M 0s
 10550K ......[0m[91m.... ....[0m[91m...... ..[0m[91m........ ........[0m[91m.. ......[0m[91m.... 51% 17.8M 0s
 10600K ....[0m[91m...... .......[0m[91m...[0m[91m .......... ..[0m[91m....[0m[91m.... .......... 52% 65.0M 0s
 10650K ..[0m[91m........ ........[0m[91m.. .......... ....[0m[91m...... ..[0m[91m........[0m[91m 52%[0m[91m  115M[0m[91m 0s[0m[91m
 10700K ......[0m[91m...[0m[91m. .......... .[0m[91m...[0m[91m...... ..[0m[91m..[0m[91m...... ........[0m[91m.. 52%  131M 0s
 10750K .......... ....[0m[91m...... [0m[91m..[0m[91m........[0m[91m [0m[91m.......... ......[0m[91m.... 52%  128M 0s
 10800K ..[0m[91m......[0m[91m.. .......... .......[0m[91m..[0m[91m. .[0m[91m.....[0m[91m.... ....[0m[91m.[0m[91m..... 53%  193M 0s
 10850K ..[0m[91m........[0m[91m .....[0m[91m...[0m[91m.. ......[0m[91m.... ..[0m[91m..[0m[91m...... .......... 53%  140M 0s[0m[91m
 10900K .....[0m[91m...[0m[91m.. .......... ....[0m[91m...... ...[0m[91m.......[0m[91m .......... 53% 25.0M 0s
 10950K ......[0m[91m.... .[0m[91m...[0m[91m...... ..[0m[91m........[0m[91m [0m[91m........[0m[91m.[0m[91m. ......[0m[91m.... 53% 99.9M 0s
 11000K .[0m[91m...[0m[91m...... .......... [0m[91m....[0m[91m...... ..[0m[91m........[0m[91m ....[0m[91m.[0m[91m..... 54% 88.4M 0s
 11050K[0m[91m ..[0m[91m........[0m[91m ...[0m[91m...[0m[91m..[0m[91m.. .......... ...[0m[91m...[0m[91m.... ..........[0m[91m 54%  108M 0s[0m[91m
 11100K ........[0m[91m.. ......[0m[91m.... .......... .......... [0m[91m........[0m[91m.. 54% 80.7M 0s
 11150K .......... .........[0m[91m. .......... ........[0m[91m.. .......... 54%  159M 0s
 11200K ....[0m[91m....[0m[91m.. [0m[91m..[0m[91m........ ..........[0m[91m ......[0m[91m.... ....[0m[91m...... 55%  133M 0s
 11250K .[0m[91m.........[0m[91m .....[0m[91m...[0m[91m.. ...[0m[91m.[0m[91m..[0m[91m..[0m[91m.. .[0m[91m...[0m[91m...... ..[0m[91m......[0m[91m.. 55%[0m[91m  107M 0s
 11300K[0m[91m ........[0m[91m.. .......... ....[0m[91m...... ..[0m[91m...[0m[91m.....[0m[91m ........[0m[91m.. 55%  101M 0s[0m[91m
 11350K .......... ....[0m[91m...... ..[0m[91m........[0m[91m ........[0m[91m.. ......[0m[91m.... 55%  145M 0s[0m[91m
 11400K ....[0m[91m...... .......[0m[91m...[0m[91m .......... ....[0m[91m..[0m[91m.... ....[0m[91m.[0m[91m..... 55%  181M[0m[91m 0s
 11450K ..[0m[91m........[0m[91m ........[0m[91m.. .......... ....[0m[91m...... ....[0m[91m...... 56%  145M 0s
 11500K ........[0m[91m.. ......[0m[91m.... .......[0m[91m... ..[0m[91m.......[0m[91m.[0m[91m ....[0m[91m....[0m[91m.. 56%  172M 0s
 11550K .......... .......... .......... .......... .......... 56%  220M 0s
 11600K .......... .......... .......... .......... .......... 56% 98.9M 0s
 11650K .......... .......... .......... .......... .......... 57%  178M 0s
 11700K .......... .......... .......... .......... .......... 57%  181M 0s
 11750K .......... .......... .......... .......... .......... 57%  199M 0s
 11800K .......... .......... .......... .......... .......... 57%  169M 0s
 11850K ...[0m[91m....... .........[0m[91m. .......... .....[0m[91m..... .......... 58% 39.7M 0s
 11900K .........[0m[91m. .......[0m[91m... .....[0m[91m.[0m[91m.... [0m[91m.......... .[0m[91m......... 58% 52.5M 0s
 11950K .......[0m[91m... .....[0m[91m..... .........[0m[91m. .......... .......[0m[91m... 58%  148M 0s
 12000K .......... ...[0m[91m....... .[0m[91m........[0m[91m. .......[0m[91m... .....[0m[91m..... 58%  136M 0s
 12050K .[0m[91m..[0m[91m....... .........[0m[91m. .......[0m[91m... .....[0m[91m..... ..[0m[91m..[0m[91m...... 59%  164M 0s
 12100K .......... ....[0m[91m...... ....[0m[91m...... .........[0m[91m.[0m[91m .......... 59%  159M[0m[91m 0s
 12150K .......... ....[0m[91m...... ..[0m[91m........ ........[0m[91m.. .......... 59% 69.1M 0s
 12200K [0m[91m.......... ..[0m[91m....[0m[91m....[0m[91m .......... .......... .......... 59%  132M 0s
 12250K ...[0m[91m....... .[0m[91m.[0m[91m.......[0m[91m. .......... ....[0m[91m...... .......... 60% 69.8M 0s[0m[91m
 12300K .......... ......[0m[91m.... .......... ..[0m[91m........ ........[0m[91m.. 60%  107M 0s
 12350K .......... ....[0m[91m.[0m[91m..... ..........[0m[91m .......... ......[0m[91m.... 60%  139M 0s
 12400K .[0m[91m...[0m[91m...... ..[0m[91m........ .......... ......[0m[91m.... ....[0m[91m...... 60% 76.7M 0s
 12450K ..........[0m[91m .......... ......[0m[91m.... ....[0m[91m...... ..[0m[91m........ 61% 57.4M 0s
 12500K .......... .......... .......... ..[0m[91m....[0m[91m.... [0m[91m........[0m[91m.. 61%  128M 0s
 12550K .......... .......... ..[0m[91m........ ..........[0m[91m ......[0m[91m.... 61%  157M 0s[0m[91m
 12600K ....[0m[91m...... .......... ........[0m[91m.. .......... ....[0m[91m...... 61% 39.7M 0s
 12650K ..[0m[91m........ .......... .......... .[0m[91m...[0m[91m...... ..[0m[91m........ 62%  173M 0s[0m[91m
 12700K ..[0m[91m......[0m[91m.. .......... .......... ..[0m[91m........ .......... 62%[0m[91m 82.0M 0s
 12750K .......[0m[91m... ....[0m[91m...... ..........[0m[91m .......... ......[0m[91m.... 62%  138M 0s
 12800K ....[0m[91m...... ....[0m[91m......[0m[91m ........[0m[91m.. [0m[91m.......... .......... 62%  145M 0s
 12850K [0m[91m..........[0m[91m .......... .......... ....[0m[91m...... [0m[91m..[0m[91m........ 63%  114M 0s
 12900K[0m[91m ........[0m[91m.. ......[0m[91m.... ....[0m[91m...... ..........[0m[91m .......... 63% 27.6M 0s
 12950K ......[0m[91m.... .......... ..[0m[91m........ .......... ......[0m[91m.... 63%[0m[91m  132M 0s
 13000K [0m[91m.......... ..[0m[91m........[0m[91m .......... ....[0m[91m..[0m[91m.... .[0m[91m...[0m[91m.....[0m[91m. 63%  157M 0s
 13050K[0m[91m ..[0m[91m...[0m[91m..... ...[0m[91m....... .[0m[91m........[0m[91m. .......[0m[91m... .......... 64%  136M 0s
 13100K .....[0m[91m..... .[0m[91m......[0m[91m... .....[0m[91m.....[0m[91m ...[0m[91m....... .........[0m[91m. 64%[0m[91m  158M 0s
 13150K .......... .....[0m[91m..... ...[0m[91m.......[0m[91m .[0m[91m...[0m[91m...... ..[0m[91m........ 64%  133M 0s[0m[91m
 13200K .......... ......[0m[91m.... .......... ..[0m[91m........ ....[0m[91m.[0m[91m..... 64% 67.4M 0s
 13250K ...[0m[91m....... .......... ....[0m[91m...[0m[91m... .......... .......... 65%  135M 0s[0m[91m
 13300K .[0m[91m.......[0m[91m.. .......... ....[0m[91m...... ..[0m[91m........[0m[91m [0m[91m........[0m[91m.. 65% 98.5M 0s
 13350K ......[0m[91m.... .......... ..[0m[91m........[0m[91m ........[0m[91m.. .......... 65% 65.2M 0s
 13400K ....[0m[91m...... ..[0m[91m........ ........[0m[91m.. ......[0m[91m.... .......... 65%  132M 0s[0m[91m
 13450K .[0m[91m......... .[0m[91m.[0m[91m........ ......[0m[91m..[0m[91m.. ......[0m[91m.... .......... 66% 53.2M[0m[91m 0s[0m[91m
 13500K .......... ......[0m[91m.... .......... ..[0m[91m........ .....[0m[91m...[0m[91m.. 66%  134M 0s
 13550K ......[0m[91m.... ....[0m[91m..[0m[91m.... ..[0m[91m......[0m[91m..[0m[91m ........[0m[91m.. .......... 66%  124M 0s
 13600K .......... ..[0m[91m........[0m[91m ........[0m[91m.. .......... ....[0m[91m...... 66% 65.4M 0s
 13650K ..........[0m[91m .......... .......... .......... ..[0m[91m........[0m[91m 66%  100M 0s
 13700K ...[0m[91m....... .[0m[91m......... .[0m[91m.......[0m[91m.. .....[0m[91m..... [0m[91m...[0m[91m....... 67%  123M 0s
 13750K ......[0m[91m.... ....[0m[91m...... ..[0m[91m........ .......... .......... 67% 46.9M 0s
 13800K .......... ..........[0m[91m .......... .......... ....[0m[91m...... 67%  112M 0s
 13850K ..[0m[91m........ ........[0m[91m.. .......... ....[0m[91m...... ...[0m[91m....... 67% 86.8M 0s
 13900K .......... ......[0m[91m.... ......[0m[91m.... ..[0m[91m........ .[0m[91m.......[0m[91m.. 68% 82.7M 0s
 13950K ......[0m[91m.... .......... ..[0m[91m........ .......... ......[0m[91m.... 68%  155M 0s
 14000K ....[0m[91m..[0m[91m.... ..[0m[91m........ ........[0m[91m.. .......... .......... 68% 71.6M 0s
 14050K ..[0m[91m........[0m[91m .......... ......[0m[91m.... .......... ..[0m[91m........ 68% 64.9M 0s
 14100K .......... ....[0m[91m...... ....[0m[91m...... ........[0m[91m..[0m[91m .......... 69% 74.6M 0s
 14150K[0m[91m ......[0m[91m.... ....[0m[91m...... .......... ........[0m[91m.. .......... 69% 73.7M 0s
 14200K ....[0m[91m...... .......... ........[0m[91m.. ......[0m[91m.... ....[0m[91m...... 69% 88.8M 0s
 14250K ..[0m[91m........[0m[91m ........[0m[91m.. .......... ....[0m[91m...... .......... 69%  101M 0s[0m[91m
 14300K .......... ......[0m[91m.... .......... ..[0m[91m...[0m[91m..... ...[0m[91m......[0m[91m. 70%[0m[91m 91.6M 0s[0m[91m
 14350K [0m[91m.[0m[91m......... .......[0m[91m... .....[0m[91m..... [0m[91m...[0m[91m....... .[0m[91m.....[0m[91m.... 70% 58.6M 0s
 14400K .......... .......... ........[0m[91m.. .......... ....[0m[91m...... 70%  155M 0s
 14450K ..[0m[91m........[0m[91m .......... ......[0m[91m.... .......... .......... 70% 66.2M 0s
 14500K ........[0m[91m.. .......... ..[0m[91m..[0m[91m...... .......... .......... 71%[0m[91m 65.0M 0s
 14550K .....[0m[91m.[0m[91m.... [0m[91m....[0m[91m...... ..........[0m[91m ........[0m[91m.. .......... 71%  128M 0s
 14600K ....[0m[91m...... ..........[0m[91m .......... ......[0m[91m.... .......... 71%  145M[0m[91m 0s
 14650K ..[0m[91m.[0m[91m....... .........[0m[91m. .......... .....[0m[91m..... ...[0m[91m....... 71% 91.3M 0s
 14700K .[0m[91m........[0m[91m. ......[0m[91m.... .......... ..[0m[91m........[0m[91m ........[0m[91m.. 72% 58.9M 0s
 14750K .......... ....[0m[91m...... ..........[0m[91m .......... ......[0m[91m.... 72% 9.86M 0s
 14800K .......... ..[0m[91m........ .....[0m[91m..... .......... ....[0m[91m...... 72%  115M 0s
 14850K ..[0m[91m........[0m[91m .......... .......... ....[0m[91m...... ..[0m[91m........ 72%  132M 0s[0m[91m
 14900K .......... .......... .......... ...[0m[91m....... .......... 73%[0m[91m 61.8M 0s
 14950K ......[0m[91m.... .......... ..........[0m[91m .......... ......[0m[91m.... 73%  171M 0s
 15000K ....[0m[91m...... ..[0m[91m........ ........[0m[91m.. ......[0m[91m.... ....[0m[91m...... 73%  153M 0s
 15050K ..[0m[91m........[0m[91m ........[0m[91m.. ......[0m[91m.... ....[0m[91m...... ..[0m[91m........ 73%  152M 0s[0m[91m
 15100K ..[0m[91m........ ......[0m[91m.... .......... ..[0m[91m........[0m[91m ........[0m[91m.. 74%  102M 0s[0m[91m
 15150K ......[0m[91m.... ....[0m[91m...... ..[0m[91m........[0m[91m ........[0m[91m.. ......[0m[91m.... 74%  123M 0s
 15200K ..........[0m[91m ..[0m[91m........ ........[0m[91m.. .......... ....[0m[91m...... 74%  156M 0s
 15250K ..[0m[91m........[0m[91m ........[0m[91m.. ......[0m[91m.... ....[0m[91m...... ......[0m[91m.... 74%  147M 0s
 15300K ....[0m[91m...... ..[0m[91m........[0m[91m .......... ......[0m[91m.... ....[0m[91m...... 75%  153M 0s
 15350K ..[0m[91m....[0m[91m.... .......... ..[0m[91m........ ...[0m[91m...[0m[91m..[0m[91m.. ........[0m[91m.. 75%  131M 0s
 15400K [0m[91m.....[0m[91m..... ..........[0m[91m .[0m[91m......... .......[0m[91m... .......... 75% 69.4M 0s
 15450K .......... .[0m[91m........[0m[91m. .......... .....[0m[91m..... .[0m[91m........[0m[91m. 75%  144M 0s
 15500K .......... .......[0m[91m... .....[0m[91m...[0m[91m.. ...[0m[91m......[0m[91m. ........[0m[91m.. 76%  143M 0s
 15550K .......... .......... ..[0m[91m........[0m[91m ........[0m[91m.. ......[0m[91m.... 76%  161M 0s
 15600K .......... ..[0m[91m........[0m[91m ........[0m[91m.. ......[0m[91m.... ....[0m[91m...... 76%  155M 0s
 15650K ..[0m[91m........[0m[91m ........[0m[91m.. ......[0m[91m.... ....[0m[91m...... ..[0m[91m........ 76%  148M 0s[0m[91m
 15700K .......... ......[0m[91m.... ....[0m[91m...... ..[0m[91m........[0m[91m .......... 77% 48.0M 0s
 15750K .....[0m[91m.[0m[91m.... .......... ..[0m[91m........ ........[0m[91m.. .......... 77%[0m[91m  124M 0s
 15800K ....[0m[91m...... .......... ........[0m[91m.. ......[0m[91m.... .......... 77%  172M 0s
 15850K ..[0m[91m........ ........[0m[91m.. ......[0m[91m.... ....[0m[91m...... .......... 77% 66.8M 0s
 15900K .......... ...[0m[91m....... ..[0m[91m..[0m[91m...... ..[0m[91m...[0m[91m..... .......... 77% 39.7M 0s
 15950K .[0m[91m......... .......[0m[91m... .....[0m[91m..... ...[0m[91m....... .......... 78%  105M 0s[0m[91m
 16000K .......... .......... .......... .......... ........[0m[91m.. 78%  153M 0s
 16050K ..........[0m[91m .......... ......[0m[91m.... .......... .......... 78% 60.8M 0s[0m[91m
 16100K ........[0m[91m.. .......... ....[0m[91m...... .......... ........[0m[91m.. 78%  114M 0s
 16150K ......[0m[91m.... ....[0m[91m...... ..[0m[91m........ ........[0m[91m.. .......... 79% 59.8M 0s
 16200K ....[0m[91m...... ..........[0m[91m .......... ......[0m[91m.... .......... 79%  149M 0s
 16250K .......... .[0m[91m........[0m[91m. .......... .....[0m[91m..... ...[0m[91m...[0m[91m.... 79%[0m[91m  104M 0s
 16300K[0m[91m .[0m[91m......... ...[0m[91m...[0m[91m.... .......... ..[0m[91m........ ........[0m[91m.. 79% 33.9M 0s
 16350K .......... .......... ...[0m[91m.....[0m[91m..[0m[91m .......... ......[0m[91m.... 80%  111M 0s
 16400K ....[0m[91m...... ..[0m[91m........[0m[91m ........[0m[91m.. ......[0m[91m.... ....[0m[91m.[0m[91m..... 80% 42.5M 0s
 16450K ...[0m[91m....... .........[0m[91m. .......[0m[91m... .....[0m[91m..... ...[0m[91m....... 80% 74.3M 0s
 16500K ........[0m[91m.. ....[0m[91m...... ..[0m[91m.......[0m[91m.[0m[91m ........[0m[91m.. ......[0m[91m.... 80%  135M 0s
 16550K ....[0m[91m...... ..[0m[91m........ ..[0m[91m.[0m[91m....... .........[0m[91m. .......[0m[91m... 81% 79.7M 0s
 16600K .....[0m[91m..... ...[0m[91m....... .[0m[91m........[0m[91m. ......[0m[91m.... .......... 81% 67.0M 0s
 16650K ..[0m[91m........ ........[0m[91m.. ......[0m[91m.... ....[0m[91m...... ..[0m[91m........ 81%  136M 0s[0m[91m
 16700K ....[0m[91m...... ..........[0m[91m .......... .......... ....[0m[91m...... 81% 84.8M 0s
 16750K ..[0m[91m........ ....[0m[91m...[0m[91m... .......... ...[0m[91m....... .[0m[91m......... 82% 73.5M 0s
 16800K .......... .....[0m[91m..... ........[0m[91m.. ..[0m[91m........ ........[0m[91m.. 82% 69.7M 0s
 16850K .......... ....[0m[91m...... ..[0m[91m........[0m[91m .......... ..[0m[91m........ 82% 63.6M 0s
 16900K ........[0m[91m.. .......... ....[0m[91m...... ..........[0m[91m .......... 82%  116M 0s
 16950K[0m[91m ......[0m[91m.... .......... ..........[0m[91m ........[0m[91m.. ......[0m[91m..[0m[91m.. 83% 96.0M 0s[0m[91m
 17000K ....[0m[91m...... ..........[0m[91m .......... ......[0m[91m.... .......... 83% 70.6M 0s
 17050K .......... ......[0m[91m...[0m[91m. .......... ....[0m[91m...... .......... 83% 98.1M 0s
 17100K ......[0m[91m.... .......... ......[0m[91m.... ...[0m[91m.....[0m[91m..[0m[91m ........[0m[91m.[0m[91m. 83% 68.4M 0s
 17150K .......... .....[0m[91m..... .......... .[0m[91m......... .......[0m[91m... 84%  114M 0s
 17200K .....[0m[91m..... ..[0m[91m........ ........[0m[91m.. .......... ....[0m[91m...... 84%  123M 0s
 17250K [0m[91m..[0m[91m........[0m[91m .......... ......[0m[91m.... .......... ..[0m[91m........ 84% 27.4M 0s
 17300K .......... ......[0m[91m.... ....[0m[91m...... .......... .......... 84%  120M 0s
 17350K ......[0m[91m.... .......... .......... ....[0m[91m...... ......[0m[91m.... 85%  121M 0s
 17400K .......... ..[0m[91m........ ..........[0m[91m .......... .......[0m[91m... 85% 60.0M 0s
 17450K ..[0m[91m........ ........[0m[91m.. ......[0m[91m.... ...[0m[91m.[0m[91m.[0m[91m..... ..[0m[91m........[0m[91m 85%  104M 0s[0m[91m
 17500K .......... ......[0m[91m.... ....[0m[91m...... ..[0m[91m........ ........[0m[91m.. 85% 22.4M 0s
 17550K .......... ....[0m[91m...... ..........[0m[91m .......... .......... 86%  125M 0s
 17600K ....[0m[91m...... ..........[0m[91m ........[0m[91m.. .......... ....[0m[91m...... 86%  151M 0s
 17650K ..[0m[91m........ .......[0m[91m... ......[0m[91m.... ....[0m[91m...... ..[0m[91m........ 86%  199M 0s[0m[91m
 17700K .......... .......[0m[91m... ....[0m[91m...... ..........[0m[91m ........[0m[91m.. 86%  161M 0s
 17750K ......[0m[91m.... ....[0m[91m...... ..[0m[91m........ ...[0m[91m.....[0m[91m.. ..........[0m[91m 87%  141M 0s
 17800K ....[0m[91m...... ..[0m[91m........[0m[91m .......... .......... ...[0m[91m....... 87%  145M 0s
 17850K ..[0m[91m........[0m[91m ........[0m[91m.. ......[0m[91m.... ....[0m[91m...... ..[0m[91m........ 87%  211M 0s[0m[91m
 17900K ........[0m[91m.. ..[0m[91m..[0m[91m..[0m[91m..[0m[91m.. ....[0m[91m.....[0m[91m. ..[0m[91m........ ........[0m[91m.. 87%  147M 0s
 17950K ......[0m[91m.... ....[0m[91m...... ..[0m[91m........[0m[91m .......... .......... 88% 68.1M 0s
 18000K .......... ..[0m[91m........ .......... ..........[0m[91m ..........[0m[91m 88%  184M[0m[91m 0s
 18050K[0m[91m ...[0m[91m....... .[0m[91m........[0m[91m. .......[0m[91m... .........[0m[91m. .......... 88%  160M 0s
 18100K ......[0m[91m.... ......[0m[91m.... ....[0m[91m...... ..[0m[91m........[0m[91m ........[0m[91m.. 88%  168M[0m[91m 0s
 18150K ......[0m[91m.... .......... ..[0m[91m........ .......... ......[0m[91m.... 88% 86.0M 0s
 18200K ....[0m[91m...... .......... ........[0m[91m.. ......[0m[91m.... .......... 89% 84.3M 0s
 18250K ..[0m[91m........ ........[0m[91m.. .......... ....[0m[91m...... .......... 89%  164M 0s[0m[91m
 18300K ...[0m[91m....... .........[0m[91m. .......... .......... ...[0m[91m.[0m[91m......[0m[91m 89% 55.7M 0s
 18350K .[0m[91m......... .......... .[0m[91m.........[0m[91m .......... .......... 89%  118M 0s
 18400K ....[0m[91m...... ..[0m[91m........ ...[0m[91m.....[0m[91m.. ......[0m[91m.... .......... 90% 63.7M 0s
 18450K ..[0m[91m........[0m[91m [0m[91m.......... ......[0m[91m.... ....[0m[91m...... ...[0m[91m....... 90% 72.3M 0s
 18500K .[0m[91m........[0m[91m. .......... .....[0m[91m..... .......... .[0m[91m........[0m[91m. 90%  168M 0s
 18550K ......[0m[91m.... .......... ..[0m[91m........ ........[0m[91m.. .......... 90% 75.5M 0s
 18600K .[0m[91m......... ..........[0m[91m .......... .......... ........[0m[91m.. 91% 50.2M 0s
 18650K ..[0m[91m........[0m[91m ........[0m[91m.. ......[0m[91m.... .....[0m[91m..... .......... 91% 85.9M 0s
 18700K .......... .......... .......... ..[0m[91m..[0m[91m...... ........[0m[91m.. 91% 87.8M 0s
 18750K .........[0m[91m. .......... ....[0m[91m...... ..[0m[91m........ .......... 91%  177M 0s
 18800K .......... ..[0m[91m........[0m[91m .......... .......[0m[91m... .....[0m[91m..... 92% 22.8M 0s
 18850K ...[0m[91m.......[0m[91m .[0m[91m........[0m[91m. ......[0m[91m.... .......... .......... 92%  139M 0s
 18900K .......... .......... ....[0m[91m...... ..........[0m[91m .......... 92% 31.4M 0s
 18950K ......[0m[91m.... .......... ..[0m[91m........ ........[0m[91m.. .......... 92%[0m[91m 23.3M 0s
 19000K ....[0m[91m...... ..........[0m[91m .......... ......[0m[91m..[0m[91m.. ....[0m[91m...... 93% 63.1M 0s
 19050K ..[0m[91m........[0m[91m ........[0m[91m.. ......[0m[91m.... ....[0m[91m...... .......... 93%  183M 0s[0m[91m
 19100K .......[0m[91m.[0m[91m.. .....[0m[91m.[0m[91m.... .......... ..[0m[91m........ ........[0m[91m.. 93%  154M 0s
 19150K .....[0m[91m..... ....[0m[91m...... ..[0m[91m........[0m[91m .......... ......[0m[91m.... 93%  162M 0s
 19200K .[0m[91m...[0m[91m...... .......... ....[0m[91m...... .......... ....[0m[91m...... 94%  144M 0s[0m[91m
 19250K ......[0m[91m.... ........[0m[91m.. ......[0m[91m.... .......... ..[0m[91m........ 94%  184M[0m[91m 0s[0m[91m
 19300K ........[0m[91m.. ........[0m[91m.. ..[0m[91m..[0m[91m...... .....[0m[91m.....[0m[91m ........[0m[91m.[0m[91m. 94%[0m[91m  135M 0s
 19350K ......[0m[91m.... .......... ..........[0m[91m .......... .......... 94%  180M 0s
 19400K ....[0m[91m...... ..[0m[91m........[0m[91m ..........[0m[91m ......[0m[91m.... .....[0m[91m...[0m[91m.. 95%  168M 0s
 19450K ..[0m[91m........ ........[0m[91m.. ......[0m[91m.... ....[0m[91m...... .......... 95%  194M 0s[0m[91m
 19500K .......... [0m[91m....[0m[91m..[0m[91m.... .......... ..[0m[91m........ ........[0m[91m.. 95% 50.8M 0s
 19550K .......... ....[0m[91m...... ..........[0m[91m .......... .......... 95% 27.9M 0s
 19600K .......... ..[0m[91m........ ........[0m[91m.. .......... ....[0m[91m...... 96%  102M 0s[0m[91m
 19650K ..[0m[91m........[0m[91m ......[0m[91m..[0m[91m.. ......[0m[91m.... .......... [0m[91m..[0m[91m........ 96%[0m[91m  124M 0s[0m[91m
 19700K .....[0m[91m...[0m[91m.. .......[0m[91m... ..........[0m[91m ..........[0m[91m ........[0m[91m.. 96%  136M 0s
 19750K ......[0m[91m.... .......... ..[0m[91m........ .[0m[91m.......[0m[91m.. .......... 96%[0m[91m  166M 0s
 19800K ....[0m[91m...... .[0m[91m.....[0m[91m....[0m[91m ..[0m[91m......[0m[91m.. .......[0m[91m... ....[0m[91m...... 97%[0m[91m  155M 0s
 19850K [0m[91m..[0m[91m..[0m[91m...... ......[0m[91m..[0m[91m.. .......... ...[0m[91m.[0m[91m...... ..[0m[91m........ 97%  120M 0s[0m[91m
 19900K[0m[91m .[0m[91m......... .......[0m[91m... .....[0m[91m..... .......... .[0m[91m.......[0m[91m.. 97%  136M[0m[91m 0s
 19950K [0m[91m.[0m[91m......[0m[91m... ....[0m[91m...... ..[0m[91m........ ...[0m[91m....... ......[0m[91m.... 97%  151M 0s
 20000K ..[0m[91m..[0m[91m...... ..[0m[91m........[0m[91m ......[0m[91m..[0m[91m.. ......[0m[91m.... ....[0m[91m...... 98% 83.4M 0s
 20050K ..[0m[91m....[0m[91m....[0m[91m .......... ......[0m[91m.... ...[0m[91m....... [0m[91m..[0m[91m........ 98%  133M 0s[0m[91m
 20100K ......[0m[91m.... ......[0m[91m.... ....[0m[91m...... ..[0m[91m........ .[0m[91m......... 98%  156M 0s
 20150K ....[0m[91m..[0m[91m.... ....[0m[91m.....[0m[91m. ..[0m[91m........ .......... ...[0m[91m...[0m[91m.... 98%  159M 0s
 20200K [0m[91m....[0m[91m...... .......... ...[0m[91m..[0m[91m..... ..........[0m[91m .......... 99% 81.6M 0s
 20250K ......[0m[91m.... .......... ..[0m[91m........ ....[0m[91m...... ..[0m[91m........ 99% 91.7M 0s
 20300K ........[0m[91m.[0m[91m. .......[0m[91m... ....[0m[91m...... .......... ......[0m[91m..[0m[91m.. 99% 60.4M 0s
 20350K .......... ....[0m[91m...... ..........[0m[91m .......... ......[0m[91m.... 99%  170M 0s
 20400K .......... .......... .......... .......... .......... 99%  195M 0s
 20450K                  [0m[91m    [0m[91m              [0m[91m                   100%  346G=0.2s

[0m[91m2019-01-13 12:30:56 (91.4 MB/s) - ‘terraform_0.11.10_linux_amd64.zip’ saved [20940986/20940986]

[0mArchive:  terraform_0.11.10_linux_amd64.zip
  inflating: terraform               
 ---> b014a28b9e2c
Removing intermediate container 39f5ab144da8
Step 4/4 : ENV PATH $PATH:/usr/local/
 ---> Running in e6238aefc3fc
 ---> da41749cbb02
Removing intermediate container e6238aefc3fc
Successfully built da41749cbb02
Pushing builder-terraform:0.0.0-SNAPSHOT-PR-210-1 to docker.io
The push refers to a repository [docker.io/jenkinsxio/builder-terraform]
8360c8e92a55: Preparing
8f82fe3df76b: Preparing
98917d45802f: Preparing
9c0730671eaa: Preparing
88b2c202cb3e: Preparing
d65ee813a10b: Preparing
6a29bfb80436: Preparing
58350994ba71: Preparing
38e4826adb44: Preparing
eb050f45b0c5: Preparing
9f1de79643c0: Preparing
6656139ff62d: Preparing
a446304c68f5: Preparing
fc11e8220edd: Preparing
133b77926916: Preparing
798b416af613: Preparing
b191423e61f3: Preparing
a8a6b501246d: Preparing
32194b55545c: Preparing
6800838466fe: Preparing
59de996e2c06: Preparing
c0c4d44b931a: Preparing
9730529d058c: Preparing
39ee5283884c: Preparing
071d8bd76517: Preparing
58350994ba71: Waiting
38e4826adb44: Waiting
eb050f45b0c5: Waiting
9f1de79643c0: Waiting
6800838466fe: Waiting
6656139ff62d: Waiting
d65ee813a10b: Waiting
a446304c68f5: Waiting
59de996e2c06: Waiting
fc11e8220edd: Waiting
c0c4d44b931a: Waiting
133b77926916: Waiting
798b416af613: Waiting
9730529d058c: Waiting
39ee5283884c: Waiting
071d8bd76517: Waiting
b191423e61f3: Waiting
32194b55545c: Waiting
a8a6b501246d: Waiting
6a29bfb80436: Waiting
88b2c202cb3e: Mounted from jenkinsxio/builder-scala
98917d45802f: Mounted from jenkinsxio/builder-scala
8f82fe3df76b: Mounted from jenkinsxio/builder-scala
9c0730671eaa: Mounted from jenkinsxio/builder-scala
6a29bfb80436: Mounted from jenkinsxio/builder-scala
d65ee813a10b: Mounted from jenkinsxio/builder-scala
58350994ba71: Mounted from jenkinsxio/builder-scala
38e4826adb44: Mounted from jenkinsxio/builder-scala
eb050f45b0c5: Mounted from jenkinsxio/builder-scala
9f1de79643c0: Mounted from jenkinsxio/builder-scala
6656139ff62d: Mounted from jenkinsxio/builder-scala
a446304c68f5: Mounted from jenkinsxio/builder-scala
798b416af613: Mounted from jenkinsxio/builder-scala
133b77926916: Mounted from jenkinsxio/builder-scala
fc11e8220edd: Mounted from jenkinsxio/builder-scala
b191423e61f3: Mounted from jenkinsxio/builder-scala
32194b55545c: Mounted from jenkinsxio/builder-scala
a8a6b501246d: Mounted from jenkinsxio/builder-scala
6800838466fe: Mounted from jenkinsxio/builder-scala
59de996e2c06: Mounted from jenkinsxio/builder-scala
8360c8e92a55: Pushed
9730529d058c: Mounted from jenkinsxio/builder-scala
39ee5283884c: Mounted from jenkinsxio/builder-scala
c0c4d44b931a: Mounted from jenkinsxio/builder-scala
071d8bd76517: Mounted from jenkinsxio/builder-scala
0.0.0-SNAPSHOT-PR-210-1: digest: sha256:a75d058489f683093fcc35e1ed3f81dac834624ca4da6320644199004351a48e size: 5601
Not pushing the latest docker image as PUSH_LATEST=false
/tmp/jenkinsTests.tmp/jenkins657726207583903297test/workspace/job
[Pipeline] }
[Pipeline] // withEnv
[Pipeline] }
[Pipeline] // stage
[Pipeline] stage
[Pipeline] { (Build Release)
Stage "Build Release" skipped due to when conditional
[Pipeline] }
[Pipeline] // stage
[Pipeline] }
[Pipeline] // withEnv
[Pipeline] }
[Pipeline] // node
[Pipeline] End of Pipeline
Finished: SUCCESS
