Step: build-step-credential-initializer-kxqbq:

{"level":"warn","ts":1565614198.1067173,"logger":"fallback-logger","caller":"logging/config.go:65","msg":"Fetch GitHub commit ID from kodata failed: \"ref: refs/heads/master\" is not a valid GitHub commit ID"}
{"level":"info","ts":1565614198.1077068,"logger":"fallback-logger","caller":"creds-init/main.go:40","msg":"Credentials initialized."}
Step: build-step-working-dir-initializer-ptbhx:

{"level":"warn","ts":1565614199.0471954,"logger":"fallback-logger","caller":"logging/config.go:65","msg":"Fetch GitHub commit ID from kodata failed: open /var/run/ko/HEAD: no such file or directory"}
{"level":"info","ts":1565614199.0488703,"logger":"fallback-logger","caller":"bash/main.go:65","msg":"Successfully executed command \"mkdir -p /workspace/source\""}
Step: build-step-place-tools:

Step: build-step-git-source-jenkins-x-homebrew-**-pr-1614-t-8rnx7:

{"level":"warn","ts":1565614201.6982522,"logger":"fallback-logger","caller":"logging/config.go:65","msg":"Fetch GitHub commit ID from kodata failed: \"ref: refs/heads/master\" is not a valid GitHub commit ID"}
{"level":"info","ts":1565614205.7367082,"logger":"fallback-logger","caller":"git/git.go:102","msg":"Successfully cloned https://github.com/jenkins-x/homebrew-** @ 6d677f9592970085f8f843b9414f99c994c5d8d9 in path /workspace/source"}
Step: build-step-git-merge:

Warning failed to load version: failed to parse version -dev+9e73adc0b: No Major.Minor.Patch elements found
time="2019-08-12T12:50:06Z" level=info msg="got "
Using SHAs from PULL_REFS=master:2343bb412d9abcf82d63287121fd92bedd01f391,1614:6d677f9592970085f8f843b9414f99c994c5d8d9
ran git fetch --unshallow origin 6d677f9592970085f8f843b9414f99c994c5d8d9: 2343bb412d9abcf82d63287121fd92bedd01f391: in 
ran git checkout master in 
ran git reset --hard 2343bb412d9abcf82d63287121fd92bedd01f391 in 
ran clean --force -d . in 
ran git merge 6d677f9592970085f8f843b9414f99c994c5d8d9 in 
Step: build-step-prebuild-check-shasum:

2.0.583
32e939cff558bd1c9f5a8c2f3154d58269ac3b3244c64c292631a1a4dc8b2074
  % Total    % Received % Xferd  Average Speed   Time    Time     Time  Current
                                 Dload  Upload   Total   Spent    Left  Speed
  0     0    0     0    0     0      0      0 --:--:-- --:--:-- --:--:--     0  0     0    0     0    0     0      0      0 --:--:-- --:--:-- --:--:--     0100   613    0   613    0     0    802      0 --:--:-- --:--:-- --:--:--   802
  0     0    0     0    0     0      0      0 --:--:--  0:00:01 --:--:--     0 14 65.3M   14 9977k    0     0  4892k      0  0:00:13  0:00:02  0:00:11 10.2M 62 65.3M   62 40.9M    0     0  13.5M      0  0:00:04  0:00:03  0:00:01 21.1M100 65.3M  100 65.3M    0     0  17.6M      0  0:00:03  0:00:03 --:--:-- 24.9M
**-darwin-amd64.tar.gz: OK
Step: build-step-build-dummy-build:

PR
